# JRE version: OpenJDK Runtime Environment (8.0_212-b04) (build 1.8.0_212-release-1586-b04)
# Java VM: OpenJDK 64-Bit Server VM (25.212-b04 mixed mode windows-amd64 compressed oops)
Heap:
 PSYoungGen      total 431616K, used 387333K [0x00000000e0000000, 0x0000000100000000, 0x0000000100000000)
  eden space 348672K, 96% used [0x00000000e0000000,0x00000000f48adec0,0x00000000f5480000)
  from space 82944K, 61% used [0x00000000fa700000,0x00000000fd893858,0x00000000ff800000)
  to   space 84480K, 0% used [0x00000000f5480000,0x00000000f5480000,0x00000000fa700000)
 ParOldGen       total 288768K, used 93776K [0x00000000a0000000, 0x00000000b1a00000, 0x00000000e0000000)
  object space 288768K, 32% used [0x00000000a0000000,0x00000000a5b941d0,0x00000000b1a00000)
 Metaspace       used 154902K, capacity 161374K, committed 164096K, reserved 1191936K
  class space    used 19030K, capacity 20351K, committed 20736K, reserved 1048576K
GC Heap History (10 events):
Event: 7683.032 GC heap before
{Heap before GC invocations=43 (full 6):
 PSYoungGen      total 430592K, used 259335K [0x00000000e0000000, 0x00000000ffc80000, 0x0000000100000000)
  eden space 342528K, 70% used [0x00000000e0000000,0x00000000eecbcb68,0x00000000f4e80000)
  from space 88064K, 19% used [0x00000000fa680000,0x00000000fb705280,0x00000000ffc80000)
  to   space 89088K, 0% used [0x00000000f4e80000,0x00000000f4e80000,0x00000000fa580000)
 ParOldGen       total 288768K, used 94736K [0x00000000a0000000, 0x00000000b1a00000, 0x00000000e0000000)
  object space 288768K, 32% used [0x00000000a0000000,0x00000000a5c842b0,0x00000000b1a00000)
 Metaspace       used 145592K, capacity 153488K, committed 153728K, reserved 1183744K
  class space    used 18117K, capacity 19789K, committed 19840K, reserved 1048576K
Event: 7683.075 GC heap after
Heap after GC invocations=43 (full 6):
 PSYoungGen      total 357888K, used 14866K [0x00000000e0000000, 0x00000000ffb80000, 0x0000000100000000)
  eden space 342528K, 0% used [0x00000000e0000000,0x00000000e0000000,0x00000000f4e80000)
  from space 15360K, 96% used [0x00000000f4e80000,0x00000000f5d04bd0,0x00000000f5d80000)
  to   space 88576K, 0% used [0x00000000fa500000,0x00000000fa500000,0x00000000ffb80000)
 ParOldGen       total 288768K, used 107920K [0x00000000a0000000, 0x00000000b1a00000, 0x00000000e0000000)
  object space 288768K, 37% used [0x00000000a0000000,0x00000000a6964218,0x00000000b1a00000)
 Metaspace       used 145592K, capacity 153488K, committed 153728K, reserved 1183744K
  class space    used 18117K, capacity 19789K, committed 19840K, reserved 1048576K
}
Event: 7683.075 GC heap before
{Heap before GC invocations=44 (full 7):
 PSYoungGen      total 357888K, used 14866K [0x00000000e0000000, 0x00000000ffb80000, 0x0000000100000000)
  eden space 342528K, 0% used [0x00000000e0000000,0x00000000e0000000,0x00000000f4e80000)
  from space 15360K, 96% used [0x00000000f4e80000,0x00000000f5d04bd0,0x00000000f5d80000)
  to   space 88576K, 0% used [0x00000000fa500000,0x00000000fa500000,0x00000000ffb80000)
 ParOldGen       total 288768K, used 107920K [0x00000000a0000000, 0x00000000b1a00000, 0x00000000e0000000)
  object space 288768K, 37% used [0x00000000a0000000,0x00000000a6964218,0x00000000b1a00000)
 Metaspace       used 145592K, capacity 153488K, committed 153728K, reserved 1183744K
  class space    used 18117K, capacity 19789K, committed 19840K, reserved 1048576K
Event: 7684.177 GC heap after
Heap after GC invocations=44 (full 7):
 PSYoungGen      total 357888K, used 0K [0x00000000e0000000, 0x00000000ffb80000, 0x0000000100000000)
  eden space 342528K, 0% used [0x00000000e0000000,0x00000000e0000000,0x00000000f4e80000)
  from space 15360K, 0% used [0x00000000f4e80000,0x00000000f4e80000,0x00000000f5d80000)
  to   space 88576K, 0% used [0x00000000fa500000,0x00000000fa500000,0x00000000ffb80000)
 ParOldGen       total 288768K, used 92554K [0x00000000a0000000, 0x00000000b1a00000, 0x00000000e0000000)
  object space 288768K, 32% used [0x00000000a0000000,0x00000000a5a62bd8,0x00000000b1a00000)
 Metaspace       used 141945K, capacity 147308K, committed 153728K, reserved 1183744K
  class space    used 17484K, capacity 18620K, committed 19840K, reserved 1048576K
}
Event: 7690.258 GC heap before
{Heap before GC invocations=45 (full 7):
 PSYoungGen      total 357888K, used 342528K [0x00000000e0000000, 0x00000000ffb80000, 0x0000000100000000)
  eden space 342528K, 100% used [0x00000000e0000000,0x00000000f4e80000,0x00000000f4e80000)
  from space 15360K, 0% used [0x00000000f4e80000,0x00000000f4e80000,0x00000000f5d80000)
  to   space 88576K, 0% used [0x00000000fa500000,0x00000000fa500000,0x00000000ffb80000)
 ParOldGen       total 288768K, used 92554K [0x00000000a0000000, 0x00000000b1a00000, 0x00000000e0000000)
  object space 288768K, 32% used [0x00000000a0000000,0x00000000a5a62bd8,0x00000000b1a00000)
 Metaspace       used 142635K, capacity 148014K, committed 153728K, reserved 1183744K
  class space    used 17547K, capacity 18679K, committed 19840K, reserved 1048576K
Event: 7690.288 GC heap after
Heap after GC invocations=45 (full 7):
 PSYoungGen      total 434176K, used 24768K [0x00000000e0000000, 0x0000000100000000, 0x0000000100000000)
  eden space 345600K, 0% used [0x00000000e0000000,0x00000000e0000000,0x00000000f5180000)
  from space 88576K, 27% used [0x00000000fa500000,0x00000000fbd30278,0x00000000ffb80000)
  to   space 85504K, 0% used [0x00000000f5180000,0x00000000f5180000,0x00000000fa500000)
 ParOldGen       total 288768K, used 92562K [0x00000000a0000000, 0x00000000b1a00000, 0x00000000e0000000)
  object space 288768K, 32% used [0x00000000a0000000,0x00000000a5a64bd8,0x00000000b1a00000)
 Metaspace       used 142635K, capacity 148014K, committed 153728K, reserved 1183744K
  class space    used 17547K, capacity 18679K, committed 19840K, reserved 1048576K
}
Event: 7691.823 GC heap before
{Heap before GC invocations=46 (full 7):
 PSYoungGen      total 434176K, used 370366K [0x00000000e0000000, 0x0000000100000000, 0x0000000100000000)
  eden space 345600K, 99% used [0x00000000e0000000,0x00000000f517f5b0,0x00000000f5180000)
  from space 88576K, 27% used [0x00000000fa500000,0x00000000fbd30278,0x00000000ffb80000)
  to   space 85504K, 0% used [0x00000000f5180000,0x00000000f5180000,0x00000000fa500000)
 ParOldGen       total 288768K, used 92562K [0x00000000a0000000, 0x00000000b1a00000, 0x00000000e0000000)
  object space 288768K, 32% used [0x00000000a0000000,0x00000000a5a64bd8,0x00000000b1a00000)
 Metaspace       used 142721K, capacity 148128K, committed 153728K, reserved 1183744K
  class space    used 17555K, capacity 18714K, committed 19840K, reserved 1048576K
Event: 7691.849 GC heap after
Heap after GC invocations=46 (full 7):
 PSYoungGen      total 431104K, used 21194K [0x00000000e0000000, 0x00000000ff800000, 0x0000000100000000)
  eden space 345600K, 0% used [0x00000000e0000000,0x00000000e0000000,0x00000000f5180000)
  from space 85504K, 24% used [0x00000000f5180000,0x00000000f6632a90,0x00000000fa500000)
  to   space 82944K, 0% used [0x00000000fa700000,0x00000000fa700000,0x00000000ff800000)
 ParOldGen       total 288768K, used 92562K [0x00000000a0000000, 0x00000000b1a00000, 0x00000000e0000000)
  object space 288768K, 32% used [0x00000000a0000000,0x00000000a5a64bd8,0x00000000b1a00000)
 Metaspace       used 142721K, capacity 148128K, committed 153728K, reserved 1183744K
  class space    used 17555K, capacity 18714K, committed 19840K, reserved 1048576K
}
Event: 7697.556 GC heap before
{Heap before GC invocations=47 (full 7):
 PSYoungGen      total 431104K, used 366794K [0x00000000e0000000, 0x00000000ff800000, 0x0000000100000000)
  eden space 345600K, 100% used [0x00000000e0000000,0x00000000f5180000,0x00000000f5180000)
  from space 85504K, 24% used [0x00000000f5180000,0x00000000f6632a90,0x00000000fa500000)
  to   space 82944K, 0% used [0x00000000fa700000,0x00000000fa700000,0x00000000ff800000)
 ParOldGen       total 288768K, used 92562K [0x00000000a0000000, 0x00000000b1a00000, 0x00000000e0000000)
  object space 288768K, 32% used [0x00000000a0000000,0x00000000a5a64bd8,0x00000000b1a00000)
 Metaspace       used 154594K, capacity 160972K, committed 163840K, reserved 1191936K
  class space    used 18999K, capacity 20310K, committed 20736K, reserved 1048576K
Event: 7697.657 GC heap after
Heap after GC invocations=47 (full 7):
 PSYoungGen      total 431616K, used 50766K [0x00000000e0000000, 0x0000000100000000, 0x0000000100000000)
  eden space 348672K, 0% used [0x00000000e0000000,0x00000000e0000000,0x00000000f5480000)
  from space 82944K, 61% used [0x00000000fa700000,0x00000000fd893858,0x00000000ff800000)
  to   space 84480K, 0% used [0x00000000f5480000,0x00000000f5480000,0x00000000fa700000)
 ParOldGen       total 288768K, used 93776K [0x00000000a0000000, 0x00000000b1a00000, 0x00000000e0000000)
  object space 288768K, 32% used [0x00000000a0000000,0x00000000a5b941d0,0x00000000b1a00000)
 Metaspace       used 154594K, capacity 160972K, committed 163840K, reserved 1191936K
  class space    used 18999K, capacity 20310K, committed 20736K, reserved 1048576K
}

